mysql> select id,auther_id from article where category_id = 1 and comments > 1 order by bview desc limit  1;
+----+-----------+
| id | auther_id |
+----+-----------+
|  3 |         1 |
+----+-----------+
1 row in set (0.04 sec)

mysql> explain select id,auther_id from article where category_id = 1 and comments > 1 order by bview desc limit  1;
+----+-------------+---------+------+---------------+------+---------+------+------+-----------------------------+
| id | select_type | table   | type | possible_keys | key  | key_len | ref  | rows | Extra                       |
+----+-------------+---------+------+---------------+------+---------+------+------+-----------------------------+
|  1 | SIMPLE      | article | ALL  | NULL          | NULL | NULL    | NULL |    3 | Using where; Using filesort |
+----+-------------+---------+------+---------------+------+---------+------+------+-----------------------------+
1 row in set (0.00 sec)

mysql> show index from article;
+---------+------------+----------+--------------+-------------+-----------+-------------+----------+--------+------+------------+---------+---------------+
| Table   | Non_unique | Key_name | Seq_in_index | Column_name | Collation | Cardinality | Sub_part | Packed | Null | Index_type | Comment | Index_comment |
+---------+------------+----------+--------------+-------------+-----------+-------------+----------+--------+------+------------+---------+---------------+
| article |          0 | PRIMARY  |            1 | id          | A         |           3 |     NULL | NULL   |      | BTREE      |         |               |
+---------+------------+----------+--------------+-------------+-----------+-------------+----------+--------+------+------------+---------+---------------+
1 row in set (0.00 sec)

mysql> create index idx_article_ccv on article(category_id,comments,bview);
Query OK, 0 rows affected (0.20 sec)
Records: 0  Duplicates: 0  Warnings: 0

mysql> show index from article;
+---------+------------+-----------------+--------------+-------------+-----------+-------------+----------+--------+------+------------+---------+---------------+
| Table   | Non_unique | Key_name        | Seq_in_index | Column_name | Collation | Cardinality | Sub_part | Packed | Null | Index_type | Comment | Index_comment |
+---------+------------+-----------------+--------------+-------------+-----------+-------------+----------+--------+------+------------+---------+---------------+
| article |          0 | PRIMARY         |            1 | id          | A         |           3 |     NULL | NULL   |      | BTREE      |         |               |
| article |          1 | idx_article_ccv |            1 | category_id | A         |           3 |     NULL | NULL   |      | BTREE      |         |               |
| article |          1 | idx_article_ccv |            2 | comments    | A         |           3 |     NULL | NULL   |      | BTREE      |         |               |
| article |          1 | idx_article_ccv |            3 | bview       | A         |           3 |     NULL | NULL   |      | BTREE      |         |               |
+---------+------------+-----------------+--------------+-------------+-----------+-------------+----------+--------+------+------------+---------+---------------+
4 rows in set (0.00 sec)

mysql> explain select id,auther_id from article where category_id = 1 and comments > 1 order by bview desc limit  1;
+----+-------------+---------+-------+-----------------+-----------------+---------+------+------+---------------------------------------+
| id | select_type | table   | type  | possible_keys   | key             | key_len | ref  | rows | Extra                                 |
+----+-------------+---------+-------+-----------------+-----------------+---------+------+------+---------------------------------------+
|  1 | SIMPLE      | article | range | idx_article_ccv | idx_article_ccv | 16      | NULL |    1 | Using index condition; Using filesort |
+----+-------------+---------+-------+-----------------+-----------------+---------+------+------+---------------------------------------+
1 row in set (0.02 sec)

mysql> explain select id,auther_id from article where category_id = 1 and comments = 1 order by bview desc limit  1;
+----+-------------+---------+------+-----------------+-----------------+---------+-------------+------+-------------+
| id | select_type | table   | type | possible_keys   | key             | key_len | ref         | rows | Extra       |
+----+-------------+---------+------+-----------------+-----------------+---------+-------------+------+-------------+
|  1 | SIMPLE      | article | ref  | idx_article_ccv | idx_article_ccv | 16      | const,const |    1 | Using where |
+----+-------------+---------+------+-----------------+-----------------+---------+-------------+------+-------------+
1 row in set (0.00 sec)

mysql> drop index idx_article_ccv on article;
Query OK, 0 rows affected (0.64 sec)
Records: 0  Duplicates: 0  Warnings: 0

mysql> 
mysql> 
mysql> explain select id,auther_id from article where category_id = 1 and comments > 1 order by bview desc limit  1;
+----+-------------+---------+------+---------------+------+---------+------+------+-----------------------------+
| id | select_type | table   | type | possible_keys | key  | key_len | ref  | rows | Extra                       |
+----+-------------+---------+------+---------------+------+---------+------+------+-----------------------------+
|  1 | SIMPLE      | article | ALL  | NULL          | NULL | NULL    | NULL |    3 | Using where; Using filesort |
+----+-------------+---------+------+---------------+------+---------+------+------+-----------------------------+
1 row in set (0.00 sec)

mysql> create index idx_article_ccv on article(category_id,bview);
Query OK, 0 rows affected (0.09 sec)
Records: 0  Duplicates: 0  Warnings: 0

mysql> explain select id,auther_id from article where category_id = 1 and comments > 1 order by bview desc limit  1;
+----+-------------+---------+------+-----------------+-----------------+---------+-------+------+-------------+
| id | select_type | table   | type | possible_keys   | key             | key_len | ref   | rows | Extra       |
+----+-------------+---------+------+-----------------+-----------------+---------+-------+------+-------------+
|  1 | SIMPLE      | article | ref  | idx_article_ccv | idx_article_ccv | 8       | const |    2 | Using where |
+----+-------------+---------+------+-----------------+-----------------+---------+-------+------+-------------+
1 row in set (0.00 sec)

mysql> drop index idx_article_ccv on article;
Query OK, 0 rows affected (0.05 sec)
Records: 0  Duplicates: 0  Warnings: 0

mysql> create index idx_article_ccv on article(category_id);
Query OK, 0 rows affected (0.08 sec)
Records: 0  Duplicates: 0  Warnings: 0

mysql> explain select id,auther_id from article where category_id = 1 and comments > 1 order by bview desc limit  1;
+----+-------------+---------+------+-----------------+-----------------+---------+-------+------+----------------------------------------------------+
| id | select_type | table   | type | possible_keys   | key             | key_len | ref   | rows | Extra                                              |
+----+-------------+---------+------+-----------------+-----------------+---------+-------+------+----------------------------------------------------+
|  1 | SIMPLE      | article | ref  | idx_article_ccv | idx_article_ccv | 8       | const |    2 | Using index condition; Using where; Using filesort |
+----+-------------+---------+------+-----------------+-----------------+---------+-------+------+----------------------------------------------------+
1 row in set (0.00 sec)

mysql> drop index idx_article_ccv on article;
Query OK, 0 rows affected (0.04 sec)
Records: 0  Duplicates: 0  Warnings: 0
